# JRE version: Java(TM) SE Runtime Environment (21.0.7+8) (build 21.0.7+8-LTS-245)
# Java VM: Java HotSpot(TM) 64-Bit Server VM (21.0.7+8-LTS-245, mixed mode, sharing, tiered, compressed oops, compressed class ptrs, g1 gc, windows-amd64)
GC Precious Log:
 CardTable entry size: 512
 Card Set container configuration: InlinePtr #cards 4 size 8 Array Of Cards #cards 16 size 48 Howl #buckets 8 coarsen threshold 3686 Howl Bitmap #cards 512 size 80 coarsen threshold 460 Card regions per heap region 1 cards per card region 4096
 CPUs: 12 total, 12 available
 Memory: 14229M
 Large Page Support: Disabled
 NUMA Support: Disabled
 Compressed Oops: Enabled (Zero based)
 Heap Region Size: 2M
 Heap Min Capacity: 8M
 Heap Initial Capacity: 224M
 Heap Max Capacity: 3558M
 Pre-touch: Disabled
 Parallel Workers: 10
 Concurrent Workers: 3
 Concurrent Refinement Workers: 10
 Periodic GC: Disabled
Heap:
 garbage-first heap   total 296960K, used 184908K [0x0000000721a00000, 0x0000000800000000)
  region size 2048K, 20 young (40960K), 3 survivors (6144K)
 Metaspace       used 78965K, committed 79680K, reserved 1179648K
  class space    used 10947K, committed 11264K, reserved 1048576K
GC Heap History (20 events):
Event: 7.369 GC heap before
{Heap before GC invocations=19 (full 0):
 garbage-first heap   total 104448K, used 86587K [0x0000000721a00000, 0x0000000800000000)
  region size 2048K, 23 young (47104K), 4 survivors (8192K)
 Metaspace       used 73714K, committed 74368K, reserved 1114112K
  class space    used 10204K, committed 10496K, reserved 1048576K
}
Event: 7.384 GC heap after
{Heap after GC invocations=20 (full 0):
 garbage-first heap   total 110592K, used 60910K [0x0000000721a00000, 0x0000000800000000)
  region size 2048K, 3 young (6144K), 3 survivors (6144K)
 Metaspace       used 73714K, committed 74368K, reserved 1114112K
  class space    used 10204K, committed 10496K, reserved 1048576K
}
Event: 7.437 GC heap before
{Heap before GC invocations=20 (full 0):
 garbage-first heap   total 110592K, used 89582K [0x0000000721a00000, 0x0000000800000000)
  region size 2048K, 17 young (34816K), 3 survivors (6144K)
 Metaspace       used 73714K, committed 74368K, reserved 1114112K
  class space    used 10204K, committed 10496K, reserved 1048576K
}
Event: 7.447 GC heap after
{Heap after GC invocations=21 (full 0):
 garbage-first heap   total 110592K, used 72940K [0x0000000721a00000, 0x0000000800000000)
  region size 2048K, 3 young (6144K), 3 survivors (6144K)
 Metaspace       used 73714K, committed 74368K, reserved 1114112K
  class space    used 10204K, committed 10496K, reserved 1048576K
}
Event: 7.541 GC heap before
{Heap before GC invocations=22 (full 0):
 garbage-first heap   total 137216K, used 93420K [0x0000000721a00000, 0x0000000800000000)
  region size 2048K, 12 young (24576K), 3 survivors (6144K)
 Metaspace       used 73707K, committed 74368K, reserved 1114112K
  class space    used 10202K, committed 10496K, reserved 1048576K
}
Event: 7.548 GC heap after
{Heap after GC invocations=23 (full 0):
 garbage-first heap   total 137216K, used 80090K [0x0000000721a00000, 0x0000000800000000)
  region size 2048K, 2 young (4096K), 2 survivors (4096K)
 Metaspace       used 73707K, committed 74368K, reserved 1114112K
  class space    used 10202K, committed 10496K, reserved 1048576K
}
Event: 7.586 GC heap before
{Heap before GC invocations=23 (full 0):
 garbage-first heap   total 137216K, used 108762K [0x0000000721a00000, 0x0000000800000000)
  region size 2048K, 16 young (32768K), 2 survivors (4096K)
 Metaspace       used 73733K, committed 74432K, reserved 1114112K
  class space    used 10202K, committed 10496K, reserved 1048576K
}
Event: 7.591 GC heap after
{Heap after GC invocations=24 (full 0):
 garbage-first heap   total 137216K, used 81632K [0x0000000721a00000, 0x0000000800000000)
  region size 2048K, 2 young (4096K), 2 survivors (4096K)
 Metaspace       used 73733K, committed 74432K, reserved 1114112K
  class space    used 10202K, committed 10496K, reserved 1048576K
}
Event: 7.636 GC heap before
{Heap before GC invocations=24 (full 0):
 garbage-first heap   total 137216K, used 112352K [0x0000000721a00000, 0x0000000800000000)
  region size 2048K, 17 young (34816K), 2 survivors (4096K)
 Metaspace       used 73744K, committed 74432K, reserved 1114112K
  class space    used 10204K, committed 10496K, reserved 1048576K
}
Event: 7.643 GC heap after
{Heap after GC invocations=25 (full 0):
 garbage-first heap   total 278528K, used 89324K [0x0000000721a00000, 0x0000000800000000)
  region size 2048K, 3 young (6144K), 3 survivors (6144K)
 Metaspace       used 73744K, committed 74432K, reserved 1114112K
  class space    used 10204K, committed 10496K, reserved 1048576K
}
Event: 7.823 GC heap before
{Heap before GC invocations=26 (full 0):
 garbage-first heap   total 278528K, used 199916K [0x0000000721a00000, 0x0000000800000000)
  region size 2048K, 58 young (118784K), 3 survivors (6144K)
 Metaspace       used 73750K, committed 74432K, reserved 1114112K
  class space    used 10204K, committed 10496K, reserved 1048576K
}
Event: 7.848 GC heap after
{Heap after GC invocations=27 (full 0):
 garbage-first heap   total 278528K, used 129952K [0x0000000721a00000, 0x0000000800000000)
  region size 2048K, 8 young (16384K), 8 survivors (16384K)
 Metaspace       used 73750K, committed 74432K, reserved 1114112K
  class space    used 10204K, committed 10496K, reserved 1048576K
}
Event: 7.919 GC heap before
{Heap before GC invocations=27 (full 0):
 garbage-first heap   total 278528K, used 203680K [0x0000000721a00000, 0x0000000800000000)
  region size 2048K, 44 young (90112K), 8 survivors (16384K)
 Metaspace       used 73750K, committed 74432K, reserved 1114112K
  class space    used 10204K, committed 10496K, reserved 1048576K
}
Event: 7.943 GC heap after
{Heap after GC invocations=28 (full 0):
 garbage-first heap   total 278528K, used 159579K [0x0000000721a00000, 0x0000000800000000)
  region size 2048K, 6 young (12288K), 6 survivors (12288K)
 Metaspace       used 73750K, committed 74432K, reserved 1114112K
  class space    used 10204K, committed 10496K, reserved 1048576K
}
Event: 7.956 GC heap before
{Heap before GC invocations=28 (full 0):
 garbage-first heap   total 278528K, used 171867K [0x0000000721a00000, 0x0000000800000000)
  region size 2048K, 13 young (26624K), 6 survivors (12288K)
 Metaspace       used 73750K, committed 74432K, reserved 1114112K
  class space    used 10204K, committed 10496K, reserved 1048576K
}
Event: 7.966 GC heap after
{Heap after GC invocations=29 (full 0):
 garbage-first heap   total 278528K, used 169296K [0x0000000721a00000, 0x0000000800000000)
  region size 2048K, 4 young (8192K), 4 survivors (8192K)
 Metaspace       used 73750K, committed 74432K, reserved 1114112K
  class space    used 10204K, committed 10496K, reserved 1048576K
}
Event: 8.061 GC heap before
{Heap before GC invocations=30 (full 0):
 garbage-first heap   total 296960K, used 218448K [0x0000000721a00000, 0x0000000800000000)
  region size 2048K, 32 young (65536K), 4 survivors (8192K)
 Metaspace       used 73750K, committed 74432K, reserved 1114112K
  class space    used 10204K, committed 10496K, reserved 1048576K
}
Event: 8.074 GC heap after
{Heap after GC invocations=31 (full 0):
 garbage-first heap   total 296960K, used 174080K [0x0000000721a00000, 0x0000000800000000)
  region size 2048K, 4 young (8192K), 4 survivors (8192K)
 Metaspace       used 73750K, committed 74432K, reserved 1114112K
  class space    used 10204K, committed 10496K, reserved 1048576K
}
Event: 8.280 GC heap before
{Heap before GC invocations=31 (full 0):
 garbage-first heap   total 296960K, used 241664K [0x0000000721a00000, 0x0000000800000000)
  region size 2048K, 37 young (75776K), 4 survivors (8192K)
 Metaspace       used 74822K, committed 75584K, reserved 1179648K
  class space    used 10368K, committed 10688K, reserved 1048576K
}
Event: 8.287 GC heap after
{Heap after GC invocations=32 (full 0):
 garbage-first heap   total 296960K, used 152140K [0x0000000721a00000, 0x0000000800000000)
  region size 2048K, 3 young (6144K), 3 survivors (6144K)
 Metaspace       used 74822K, committed 75584K, reserved 1179648K
  class space    used 10368K, committed 10688K, reserved 1048576K
}

